:Namespace TestFramework
â APLCICD v2.0 Testing Framework
â Comprehensive test suite for production readiness
â
â Public Functions:
â   RunAllTests             - Execute complete test suite
â   RunUnitTests            - Execute unit tests only
â   RunIntegrationTests     - Execute integration tests only
â   TestAIDetection         - Test AI detection algorithms
â   TestPipelineExecution   - Test CI/CD pipeline
â   TestConfiguration       - Test configuration management
â   TestErrorHandling       - Test error handling

    â•IO â† 0 â‹„ â•ML â† 1

    â Test results tracking
    TestResults â† â¬
    TotalTests â† 0
    PassedTests â† 0
    FailedTests â† 0

    âˆ‡ Initialize
    â Initialize testing framework
        â•â†'  âœ… APLCICD v2.0 Testing Framework loaded'
        ResetTestResults
    âˆ‡

    âˆ‡ ResetTestResults
    â Reset test tracking variables
        TestResults â† â¬
        TotalTests â† 0
        PassedTests â† 0
        FailedTests â† 0
    âˆ‡

    â â•â•â•â•â•â•â•â•â•â•â•â•â•â•â•â•â•â•â•â•â•â•â•â•â•â•â•â•â•â•â•â•â•â•â•â•â•â•â•â•â•â•â•â•â•â•â•â•â•â•â•â•â•â•â•â•â•â•â•â•â•â•â•
    â Main Test Execution Functions
    â â•â•â•â•â•â•â•â•â•â•â•â•â•â•â•â•â•â•â•â•â•â•â•â•â•â•â•â•â•â•â•â•â•â•â•â•â•â•â•â•â•â•â•â•â•â•â•â•â•â•â•â•â•â•â•â•â•â•â•â•â•â•â•

    âˆ‡ RunAllTests
    â Execute complete APLCICD v2.0 test suite
        â•â†'ğŸ§ª APLCICD v2.0 Test Suite'
        â•â†'============================'
        â•â†''
        
        ResetTestResults
        start_time â† â•AI[3]
        
        â Execute all test categories
        â•â†'ğŸ“‹ Running Unit Tests...'
        RunUnitTests
        
        â•â†''
        â•â†'ğŸ”— Running Integration Tests...'
        RunIntegrationTests
        
        â•â†''
        â•â†'âš¡ Running Performance Tests...'
        RunPerformanceTests
        
        â Generate comprehensive report
        elapsed_ms â† â•AI[3] - start_time
        GenerateTestReport elapsed_ms
    âˆ‡

    âˆ‡ RunUnitTests
    â Execute unit tests for individual components
        â AI Detection Tests
        AddTestResult TestAIDetectionBasic
        AddTestResult TestAIDetectionEnhanced
        AddTestResult TestAIDetectionEnsemble
        
        â Pipeline Tests
        AddTestResult TestPipelineValidation
        AddTestResult TestPipelineSecurity
        AddTestResult TestPipelineQuality
        
        â Configuration Tests
        AddTestResult TestConfigurationLoad
        AddTestResult TestConfigurationValidation
        AddTestResult TestConfigurationSave
        
        â Monitoring Tests
        AddTestResult TestMonitoringLogging
        AddTestResult TestMonitoringWebhooks
        AddTestResult TestMonitoringMetrics
        
        â Error Handling Tests
        AddTestResult TestErrorHandlingClassification
        AddTestResult TestErrorHandlingRecovery
    âˆ‡

    âˆ‡ RunIntegrationTests
    â Execute integration tests for system workflow
        AddTestResult TestFullPipelineWorkflow
        AddTestResult TestModuleIntegration
        AddTestResult TestConfigurationIntegration
        AddTestResult TestMonitoringIntegration
    âˆ‡

    âˆ‡ RunPerformanceTests
    â Execute performance and load tests
        AddTestResult TestAIDetectionPerformance
        AddTestResult TestPipelinePerformance
        AddTestResult TestMemoryUsage
        AddTestResult TestScalability
    âˆ‡

    â â•â•â•â•â•â•â•â•â•â•â•â•â•â•â•â•â•â•â•â•â•â•â•â•â•â•â•â•â•â•â•â•â•â•â•â•â•â•â•â•â•â•â•â•â•â•â•â•â•â•â•â•â•â•â•â•â•â•â•â•â•â•â•
    â AI Detection Unit Tests
    â â•â•â•â•â•â•â•â•â•â•â•â•â•â•â•â•â•â•â•â•â•â•â•â•â•â•â•â•â•â•â•â•â•â•â•â•â•â•â•â•â•â•â•â•â•â•â•â•â•â•â•â•â•â•â•â•â•â•â•â•â•â•â•

    âˆ‡ result â† TestAIDetectionBasic
    â Test basic AI detection algorithm
        result â† CreateTestResult 'AI Detection Basic'
        
        :Trap 11 22
            â Test known AI content
            ai_samples â† 'Generated using Claude AI' 'As an AI assistant' 'I apologize for the confusion'
            ai_scores â† Core.DetectÂ¨ai_samples
            
            â Test known human content
            human_samples â† 'Fix bug' 'Update deps' 'Refactor code'
            human_scores â† Core.DetectÂ¨human_samples
            
            â Validate results
            ai_detected â† âˆ§/ai_scores > 0.2  â AI content should score > 0.2
            human_clean â† âˆ§/human_scores < 0.3  â Human content should score < 0.3
            
            :If ai_detected âˆ§ human_clean
                result.status â† 'PASSED'
                result.message â† 'AI detection correctly distinguishes AI vs human content'
            :Else
                result.status â† 'FAILED'
                result.message â† 'AI detection failed to distinguish content types'
                result.details â† 'AI scores: ',(â•ai_scores),' Human scores: ',â•human_scores
            :EndIf
            
        :Case 11
            result.status â† 'ERROR'
            result.message â† 'Domain error in AI detection test: ',â•DM
        :Case 22
            result.status â† 'ERROR'
            result.message â† 'File error in AI detection test: ',â•DM
        :Else
            result.status â† 'ERROR'
            result.message â† 'Unexpected error in AI detection test: ',â•DM
        :EndTrap
    âˆ‡

    âˆ‡ result â† TestAIDetectionEnhanced
    â Test enhanced AI detection algorithm
        result â† CreateTestResult 'AI Detection Enhanced'
        
        :Trap 11 22
            â Test enhanced detection on complex samples
            complex_ai â† 'Thank you for your question. I understand that you are looking for assistance with this matter. However, I must clarify that as an AI assistant, I can provide guidance but cannot execute actions directly.'
            complex_human â† 'Implemented the feature as discussed. Fixed the edge case in the validation logic and added proper error handling.'
            
            ai_score â† Core.Enhanced complex_ai
            human_score â† Core.Enhanced complex_human
            
            :If (ai_score > 0.4) âˆ§ (human_score < 0.3)
                result.status â† 'PASSED'
                result.message â† 'Enhanced AI detection shows good discrimination'
                result.details â† 'AI: ',â•ai_score,' Human: ',â•human_score
            :Else
                result.status â† 'FAILED'
                result.message â† 'Enhanced AI detection poor discrimination'
                result.details â† 'AI: ',â•ai_score,' Human: ',â•human_score
            :EndIf
            
        :Case 11
            result.status â† 'ERROR'
            result.message â† 'Domain error in enhanced AI detection test: ',â•DM
        :Case 22
            result.status â† 'ERROR'
            result.message â† 'File error in enhanced AI detection test: ',â•DM
        :Else
            result.status â† 'ERROR'
            result.message â† 'Unexpected error in enhanced AI detection test: ',â•DM
        :EndTrap
    âˆ‡

    âˆ‡ result â† TestAIDetectionEnsemble
    â Test ensemble AI detection algorithm
        result â† CreateTestResult 'AI Detection Ensemble'
        
        :Trap 11 22
            â Test ensemble on varied content lengths
            short_ai â† 'Generated with AI'
            medium_ai â† 'As an AI assistant, I can help you with this task. Please let me know if you need further assistance.'
            long_ai â† 'Thank you for reaching out with this question. I understand that you are seeking guidance on this matter. However, it is important to note that as an AI assistant, I have certain limitations. Nevertheless, I can provide you with some general insights that may be helpful.'
            
            short_score â† Core.EnsembleAI short_ai
            medium_score â† Core.EnsembleAI medium_ai
            long_score â† Core.EnsembleAI long_ai
            
            â Ensemble should handle different lengths appropriately
            all_detected â† âˆ§/(short_score medium_score long_score) > 0.3
            
            :If all_detected
                result.status â† 'PASSED'
                result.message â† 'Ensemble AI detection works across content lengths'
                result.details â† 'Scores: ',â•short_score medium_score long_score
            :Else
                result.status â† 'FAILED'
                result.message â† 'Ensemble AI detection failed on some lengths'
                result.details â† 'Scores: ',â•short_score medium_score long_score
            :EndIf
            
        :Case 11
            result.status â† 'ERROR'
            result.message â† 'Domain error in ensemble AI detection test: ',â•DM
        :Case 22
            result.status â† 'ERROR'
            result.message â† 'File error in ensemble AI detection test: ',â•DM
        :Else
            result.status â† 'ERROR'
            result.message â† 'Unexpected error in ensemble AI detection test: ',â•DM
        :EndTrap
    âˆ‡

    â â•â•â•â•â•â•â•â•â•â•â•â•â•â•â•â•â•â•â•â•â•â•â•â•â•â•â•â•â•â•â•â•â•â•â•â•â•â•â•â•â•â•â•â•â•â•â•â•â•â•â•â•â•â•â•â•â•â•â•â•â•â•â•
    â Pipeline Unit Tests
    â â•â•â•â•â•â•â•â•â•â•â•â•â•â•â•â•â•â•â•â•â•â•â•â•â•â•â•â•â•â•â•â•â•â•â•â•â•â•â•â•â•â•â•â•â•â•â•â•â•â•â•â•â•â•â•â•â•â•â•â•â•â•â•

    âˆ‡ result â† TestPipelineValidation
    â Test pipeline validation functionality
        result â† CreateTestResult 'Pipeline Validation'
        
        :Trap 11 22
            â Create test files
            test_files â† '/tmp/test1.dyalog' '/tmp/test2.dyalog'
            
            â Create valid APL content
            valid_content â† ':Namespace Test',â•UCS 10,'    AI â† +/âˆ˜(âˆ¨/Â¨)âˆ˜(âŠ‚â·Â¨âŠ‚)',â•UCS 10,':EndNamespace'
            valid_content â•NPUT test_files[0] 1
            valid_content â•NPUT test_files[1] 1
            
            â Run validation
            validation_result â† Pipeline.ValidateFiles test_files
            
            â Cleanup
            â•NERASEÂ¨test_files
            
            :If validation_result.statusâ‰¡'PASSED'
                result.status â† 'PASSED'
                result.message â† 'Pipeline validation correctly processes valid files'
            :Else
                result.status â† 'FAILED'
                result.message â† 'Pipeline validation failed on valid files'
                result.details â† â•validation_result
            :EndIf
            
        :Case 11
            result.status â† 'ERROR'
            result.message â† 'Domain error in pipeline validation test: ',â•DM
        :Case 22
            result.status â† 'ERROR'
            result.message â† 'File error in pipeline validation test: ',â•DM
        :Else
            result.status â† 'ERROR'
            result.message â† 'Unexpected error in pipeline validation test: ',â•DM
        :EndTrap
    âˆ‡

    âˆ‡ result â† TestPipelineSecurity
    â Test pipeline security scanning
        result â† CreateTestResult 'Pipeline Security'
        
        :Trap 11 22
            â Create test file with security issues
            test_file â† '/tmp/security_test.dyalog'
            dangerous_content â† ':Namespace Test',â•UCS 10,'    DeleteAll â† â•SH''rm -rf /''',â•UCS 10,':EndNamespace'
            dangerous_content â•NPUT test_file 1
            
            â Run security scan
            security_result â† Pipeline.SecurityScan âŠ‚test_file
            
            â Cleanup
            â•NERASE test_file
            
            :If security_result.risk_count > 0
                result.status â† 'PASSED'
                result.message â† 'Security scan correctly identifies dangerous operations'
            :Else
                result.status â† 'FAILED'
                result.message â† 'Security scan failed to detect dangerous operations'
                result.details â† â•security_result
            :EndIf
            
        :Case 11
            result.status â† 'ERROR'
            result.message â† 'Domain error in pipeline security test: ',â•DM
        :Case 22
            result.status â† 'ERROR'
            result.message â† 'File error in pipeline security test: ',â•DM
        :Else
            result.status â† 'ERROR'
            result.message â† 'Unexpected error in pipeline security test: ',â•DM
        :EndTrap
    âˆ‡

    âˆ‡ result â† TestPipelineQuality
    â Test pipeline quality analysis
        result â† CreateTestResult 'Pipeline Quality'
        
        :Trap 11 22
            â Create well-documented test file
            test_file â† '/tmp/quality_test.dyalog'
            quality_content â† ':Namespace Test',â•UCS 10
            quality_content ,â† 'â High quality APL code with documentation',â•UCS 10
            quality_content ,â† 'â This namespace demonstrates best practices',â•UCS 10
            quality_content ,â† '    âˆ‡ result â† ProcessData data',â•UCS 10
            quality_content ,â† '    â Process input data using vectorized operations',â•UCS 10
            quality_content ,â† '        result â† +/data',â•UCS 10
            quality_content ,â† '    âˆ‡',â•UCS 10
            quality_content ,â† ':EndNamespace'
            quality_content â•NPUT test_file 1
            
            â Run quality analysis
            quality_result â† Pipeline.QualityAnalysis âŠ‚test_file
            
            â Cleanup
            â•NERASE test_file
            
            :If quality_result.avg_quality â‰¥ 0.5
                result.status â† 'PASSED'
                result.message â† 'Quality analysis correctly rates well-documented code'
                result.details â† 'Quality score: ',â•quality_result.avg_quality
            :Else
                result.status â† 'FAILED'
                result.message â† 'Quality analysis gave low score to good code'
                result.details â† 'Quality score: ',â•quality_result.avg_quality
            :EndIf
            
        :Case 11
            result.status â† 'ERROR'
            result.message â† 'Domain error in pipeline quality test: ',â•DM
        :Case 22
            result.status â† 'ERROR'
            result.message â† 'File error in pipeline quality test: ',â•DM
        :Else
            result.status â† 'ERROR'
            result.message â† 'Unexpected error in pipeline quality test: ',â•DM
        :EndTrap
    âˆ‡

    â â•â•â•â•â•â•â•â•â•â•â•â•â•â•â•â•â•â•â•â•â•â•â•â•â•â•â•â•â•â•â•â•â•â•â•â•â•â•â•â•â•â•â•â•â•â•â•â•â•â•â•â•â•â•â•â•â•â•â•â•â•â•â•
    â Configuration Unit Tests
    â â•â•â•â•â•â•â•â•â•â•â•â•â•â•â•â•â•â•â•â•â•â•â•â•â•â•â•â•â•â•â•â•â•â•â•â•â•â•â•â•â•â•â•â•â•â•â•â•â•â•â•â•â•â•â•â•â•â•â•â•â•â•â•

    âˆ‡ result â† TestConfigurationLoad
    â Test configuration loading and defaults
        result â† CreateTestResult 'Configuration Load'
        
        :Trap 11 22
            â Test default configuration creation
            default_config â† Config.Default
            
            â Validate structure
            has_pipeline â† 0â‰ default_config.â•NC'pipeline'
            has_files â† 0â‰ default_config.â•NC'files'
            has_monitoring â† 0â‰ default_config.â•NC'monitoring'
            has_security â† 0â‰ default_config.â•NC'security'
            
            :If has_pipeline âˆ§ has_files âˆ§ has_monitoring âˆ§ has_security
                result.status â† 'PASSED'
                result.message â† 'Default configuration has all required sections'
            :Else
                result.status â† 'FAILED'
                result.message â† 'Default configuration missing required sections'
                result.details â† 'Pipeline: ',â•has_pipeline,' Files: ',â•has_files,' Monitoring: ',â•has_monitoring,' Security: ',â•has_security
            :EndIf
            
        :Case 11
            result.status â† 'ERROR'
            result.message â† 'Domain error in configuration load test: ',â•DM
        :Case 22
            result.status â† 'ERROR'
            result.message â† 'File error in configuration load test: ',â•DM
        :Else
            result.status â† 'ERROR'
            result.message â† 'Unexpected error in configuration load test: ',â•DM
        :EndTrap
    âˆ‡

    âˆ‡ result â† TestConfigurationValidation
    â Test configuration validation
        result â† CreateTestResult 'Configuration Validation'
        
        :Trap 11 22
            â Create invalid configuration
            invalid_config â† Config.Default
            invalid_config.pipeline.ai_threshold â† 2.0  â Invalid - should be 0-1
            invalid_config.pipeline.parallel_workers â† 100  â Invalid - should be 1-32
            
            â Run validation
            validation_result â† Config.Validate invalid_config
            
            :If (~validation_result.valid) âˆ§ (2â‰¤â‰¢validation_result.errors)
                result.status â† 'PASSED'
                result.message â† 'Configuration validation correctly identifies errors'
                result.details â† 'Found ',â•â‰¢validation_result.errors,' validation errors'
            :Else
                result.status â† 'FAILED'
                result.message â† 'Configuration validation failed to catch errors'
                result.details â† â•validation_result
            :EndIf
            
        :Case 11
            result.status â† 'ERROR'
            result.message â† 'Domain error in configuration validation test: ',â•DM
        :Case 22
            result.status â† 'ERROR'
            result.message â† 'File error in configuration validation test: ',â•DM
        :Else
            result.status â† 'ERROR'
            result.message â† 'Unexpected error in configuration validation test: ',â•DM
        :EndTrap
    âˆ‡

    âˆ‡ result â† TestConfigurationSave
    â Test configuration saving and loading round-trip
        result â† CreateTestResult 'Configuration Save'
        
        :Trap 11 22
            â Create test configuration
            test_config â† Config.Default
            test_config.pipeline.ai_threshold â† 0.4
            test_file â† '/tmp/test_config.json'
            
            â Save configuration
            save_result â† Config.Save test_config test_file
            
            â Load it back
            loaded_config â† Config.Load test_file
            
            â Cleanup
            â•NERASE test_file
            
            :If (save_result.success) âˆ§ (loaded_config.pipeline.ai_threshold = 0.4)
                result.status â† 'PASSED'
                result.message â† 'Configuration save/load round-trip successful'
            :Else
                result.status â† 'FAILED'
                result.message â† 'Configuration save/load round-trip failed'
                result.details â† 'Save success: ',â•save_result.success,' Threshold: ',â•loaded_config.pipeline.ai_threshold
            :EndIf
            
        :Case 11
            result.status â† 'ERROR'
            result.message â† 'Domain error in configuration save test: ',â•DM
        :Case 22
            result.status â† 'ERROR'
            result.message â† 'File error in configuration save test: ',â•DM
        :Else
            result.status â† 'ERROR'
            result.message â† 'Unexpected error in configuration save test: ',â•DM
        :EndTrap
    âˆ‡

    â â•â•â•â•â•â•â•â•â•â•â•â•â•â•â•â•â•â•â•â•â•â•â•â•â•â•â•â•â•â•â•â•â•â•â•â•â•â•â•â•â•â•â•â•â•â•â•â•â•â•â•â•â•â•â•â•â•â•â•â•â•â•â•
    â Monitoring Unit Tests
    â â•â•â•â•â•â•â•â•â•â•â•â•â•â•â•â•â•â•â•â•â•â•â•â•â•â•â•â•â•â•â•â•â•â•â•â•â•â•â•â•â•â•â•â•â•â•â•â•â•â•â•â•â•â•â•â•â•â•â•â•â•â•â•

    âˆ‡ result â† TestMonitoringLogging
    â Test monitoring and logging functionality
        result â† CreateTestResult 'Monitoring Logging'
        
        :Trap 11 22
            â Start monitoring
            Monitor.Start
            
            â Log some test messages
            Monitor.Log 'info' 'test' 'Test info message'
            Monitor.Log 'warning' 'test' 'Test warning message'
            Monitor.Log 'error' 'test' 'Test error message'
            
            â Get recent logs
            recent_logs â† Monitor.GetRecentLogs 10
            
            â Check if logs were captured
            :If 0<â‰¢recent_logs
                result.status â† 'PASSED'
                result.message â† 'Monitoring system correctly captures log messages'
                result.details â† 'Captured ',â•â‰¢recent_logs,' log entries'
            :Else
                result.status â† 'FAILED'
                result.message â† 'Monitoring system failed to capture log messages'
            :EndIf
            
        :Case 11
            result.status â† 'ERROR'
            result.message â† 'Domain error in monitoring logging test: ',â•DM
        :Case 22
            result.status â† 'ERROR'
            result.message â† 'File error in monitoring logging test: ',â•DM
        :Else
            result.status â† 'ERROR'
            result.message â† 'Unexpected error in monitoring logging test: ',â•DM
        :EndTrap
    âˆ‡

    âˆ‡ result â† TestMonitoringWebhooks
    â Test webhook processing functionality
        result â† CreateTestResult 'Monitoring Webhooks'
        
        :Trap 11 22
            â Create mock webhook payload
            webhook_payload â† â•NS ''
            webhook_payload.repository â† â•NS ('name' 'test-repo')
            webhook_payload.head_commit â† â•NS ''
            webhook_payload.head_commit.id â† 'abc123'
            webhook_payload.head_commit.message â† 'Generated using Claude AI assistant'
            webhook_payload.head_commit.author â† â•NS ('name' 'testuser')
            
            â Process webhook
            webhook_result â† Monitor.ProcessWebhook webhook_payload
            
            :If webhook_result.processed âˆ§ webhook_result.ai_detected
                result.status â† 'PASSED'
                result.message â† 'Webhook processing correctly detects AI content'
                result.details â† 'AI score: ',â•webhook_result.ai_score
            :Else
                result.status â† 'FAILED'
                result.message â† 'Webhook processing failed'
                result.details â† â•webhook_result
            :EndIf
            
        :Case 11
            result.status â† 'ERROR'
            result.message â† 'Domain error in monitoring webhooks test: ',â•DM
        :Case 22
            result.status â† 'ERROR'
            result.message â† 'File error in monitoring webhooks test: ',â•DM
        :Else
            result.status â† 'ERROR'
            result.message â† 'Unexpected error in monitoring webhooks test: ',â•DM
        :EndTrap
    âˆ‡

    âˆ‡ result â† TestMonitoringMetrics
    â Test metrics collection functionality
        result â† CreateTestResult 'Monitoring Metrics'
        
        :Trap 11 22
            â Get system metrics
            metrics â† Monitor.GetMetrics
            
            â Validate metrics structure
            has_timestamp â† 0â‰ metrics.â•NC'timestamp'
            has_log_metrics â† 0â‰ metrics.â•NC'log_metrics'
            has_system_metrics â† 0â‰ metrics.â•NC'system_metrics'
            has_uptime â† 0â‰ metrics.â•NC'uptime_seconds'
            
            :If has_timestamp âˆ§ has_log_metrics âˆ§ has_system_metrics âˆ§ has_uptime
                result.status â† 'PASSED'
                result.message â† 'Metrics collection provides complete data structure'
            :Else
                result.status â† 'FAILED'
                result.message â† 'Metrics collection missing required fields'
                result.details â† 'Timestamp: ',â•has_timestamp,' LogMetrics: ',â•has_log_metrics,' SystemMetrics: ',â•has_system_metrics,' Uptime: ',â•has_uptime
            :EndIf
            
        :Case 11
            result.status â† 'ERROR'
            result.message â† 'Domain error in monitoring metrics test: ',â•DM
        :Case 22
            result.status â† 'ERROR'
            result.message â† 'File error in monitoring metrics test: ',â•DM
        :Else
            result.status â† 'ERROR'
            result.message â† 'Unexpected error in monitoring metrics test: ',â•DM
        :EndTrap
    âˆ‡

    â â•â•â•â•â•â•â•â•â•â•â•â•â•â•â•â•â•â•â•â•â•â•â•â•â•â•â•â•â•â•â•â•â•â•â•â•â•â•â•â•â•â•â•â•â•â•â•â•â•â•â•â•â•â•â•â•â•â•â•â•â•â•â•
    â Error Handling Unit Tests
    â â•â•â•â•â•â•â•â•â•â•â•â•â•â•â•â•â•â•â•â•â•â•â•â•â•â•â•â•â•â•â•â•â•â•â•â•â•â•â•â•â•â•â•â•â•â•â•â•â•â•â•â•â•â•â•â•â•â•â•â•â•â•â•

    âˆ‡ result â† TestErrorHandlingClassification
    â Test error classification functionality
        result â† CreateTestResult 'Error Handling Classification'
        
        :Trap 11 22
            â Create test error info
            error_info â† â•NS ''
            error_info.error_number â† 11
            error_info.message â† 'Domain error in test'
            
            â Test error handling
            handling_result â† Config.HandleError error_info
            
            :If handling_result.handled âˆ§ (handling_result.error_typeâ‰¡'DOMAIN_ERROR')
                result.status â† 'PASSED'
                result.message â† 'Error handling correctly classifies domain errors'
            :Else
                result.status â† 'FAILED'
                result.message â† 'Error handling failed to classify error correctly'
                result.details â† â•handling_result
            :EndIf
            
        :Case 11
            result.status â† 'ERROR'
            result.message â† 'Domain error in error handling classification test: ',â•DM
        :Case 22
            result.status â† 'ERROR'
            result.message â† 'File error in error handling classification test: ',â•DM
        :Else
            result.status â† 'ERROR'
            result.message â† 'Unexpected error in error handling classification test: ',â•DM
        :EndTrap
    âˆ‡

    âˆ‡ result â† TestErrorHandlingRecovery
    â Test error recovery functionality
        result â† CreateTestResult 'Error Handling Recovery'
        
        :Trap 11 22
            â Test configuration error recovery
            error_info â† â•NS ''
            error_info.error_number â† 22
            error_info.message â† 'File not found'
            
            â Test error handling with recovery
            handling_result â† Config.HandleError error_info
            
            :If handling_result.handled âˆ§ handling_result.recovery_success
                result.status â† 'PASSED'
                result.message â† 'Error handling includes recovery actions'
                result.details â† 'Recovery actions: ',â•â‰¢handling_result.recovery_actions
            :Else
                result.status â† 'FAILED'
                result.message â† 'Error handling failed to provide recovery'
                result.details â† â•handling_result
            :EndIf
            
        :Case 11
            result.status â† 'ERROR'
            result.message â† 'Domain error in error handling recovery test: ',â•DM
        :Case 22
            result.status â† 'ERROR'
            result.message â† 'File error in error handling recovery test: ',â•DM
        :Else
            result.status â† 'ERROR'
            result.message â† 'Unexpected error in error handling recovery test: ',â•DM
        :EndTrap
    âˆ‡

    â â•â•â•â•â•â•â•â•â•â•â•â•â•â•â•â•â•â•â•â•â•â•â•â•â•â•â•â•â•â•â•â•â•â•â•â•â•â•â•â•â•â•â•â•â•â•â•â•â•â•â•â•â•â•â•â•â•â•â•â•â•â•â•
    â Integration Tests
    â â•â•â•â•â•â•â•â•â•â•â•â•â•â•â•â•â•â•â•â•â•â•â•â•â•â•â•â•â•â•â•â•â•â•â•â•â•â•â•â•â•â•â•â•â•â•â•â•â•â•â•â•â•â•â•â•â•â•â•â•â•â•â•

    âˆ‡ result â† TestFullPipelineWorkflow
    â Test complete end-to-end pipeline workflow
        result â† CreateTestResult 'Full Pipeline Workflow'
        
        :Trap 11 22
            â Create test files
            test_files â† '/tmp/workflow1.dyalog' '/tmp/workflow2.dyalog'
            
            â Create valid APL content
            content1 â† ':Namespace Workflow1',â•UCS 10,'    ProcessData â† {+/âµ}',â•UCS 10,':EndNamespace'
            content2 â† ':Namespace Workflow2',â•UCS 10,'    â Human written code',â•UCS 10,'    AI â† +/âˆ˜(âˆ¨/Â¨)âˆ˜(âŠ‚â·Â¨âŠ‚)',â•UCS 10,':EndNamespace'
            content1 â•NPUT test_files[0] 1
            content2 â•NPUT test_files[1] 1
            
            â Run complete pipeline
            pipeline_result â† Pipeline.Run test_files
            
            â Cleanup
            â•NERASEÂ¨test_files
            
            â Validate results
            validation_passed â† pipeline_result.validation.statusâ‰¡'PASSED'
            security_passed â† pipeline_result.security.statusâ‰¡'PASSED'
            quality_passed â† pipeline_result.quality.statusâ‰¡'PASSED'
            
            :If validation_passed âˆ§ security_passed âˆ§ quality_passed
                result.status â† 'PASSED'
                result.message â† 'Full pipeline workflow executes successfully'
                result.details â† 'Duration: ',â•pipeline_result.total_duration_ms,'ms'
            :Else
                result.status â† 'FAILED'
                result.message â† 'Full pipeline workflow failed'
                result.details â† 'Validation: ',â•validation_passed,' Security: ',â•security_passed,' Quality: ',â•quality_passed
            :EndIf
            
        :Case 11
            result.status â† 'ERROR'
            result.message â† 'Domain error in full pipeline workflow test: ',â•DM
        :Case 22
            result.status â† 'ERROR'
            result.message â† 'File error in full pipeline workflow test: ',â•DM
        :Else
            result.status â† 'ERROR'
            result.message â† 'Unexpected error in full pipeline workflow test: ',â•DM
        :EndTrap
    âˆ‡

    âˆ‡ result â† TestModuleIntegration
    â Test module integration and communication
        result â† CreateTestResult 'Module Integration'
        
        :Trap 11 22
            â Test AI detection from pipeline
            ai_text â† 'Generated using Claude AI'
            ai_score â† Core.AI ai_text
            
            â Test configuration access from monitor
            config â† Config.Default
            Monitor.Log 'info' 'test' 'Integration test message'
            
            â Validate cross-module functionality
            ai_works â† (0â‰¤ai_scoreâ‰¤1)
            config_works â† 0â‰ config.â•NC'pipeline'
            
            :If ai_works âˆ§ config_works
                result.status â† 'PASSED'
                result.message â† 'Modules integrate and communicate correctly'
            :Else
                result.status â† 'FAILED'
                result.message â† 'Module integration failed'
                result.details â† 'AI works: ',â•ai_works,' Config works: ',â•config_works
            :EndIf
            
        :Case 11
            result.status â† 'ERROR'
            result.message â† 'Domain error in module integration test: ',â•DM
        :Case 22
            result.status â† 'ERROR'
            result.message â† 'File error in module integration test: ',â•DM
        :Else
            result.status â† 'ERROR'
            result.message â† 'Unexpected error in module integration test: ',â•DM
        :EndTrap
    âˆ‡

    âˆ‡ result â† TestConfigurationIntegration
    â Test configuration integration across modules
        result â† CreateTestResult 'Configuration Integration'
        
        :Trap 11 22
            â Load configuration
            config â† Config.Load 'nonexistent-file.json'  â Should create defaults
            
            â Test configuration test functionality
            test_result â† Config.TestConfiguration config
            
            :If test_result.success
                result.status â† 'PASSED'
                result.message â† 'Configuration integration works across modules'
                result.details â† 'Tests passed: ',â•test_result.tests_passed
            :Else
                result.status â† 'FAILED'
                result.message â† 'Configuration integration failed'
                result.details â† â•test_result
            :EndIf
            
        :Case 11
            result.status â† 'ERROR'
            result.message â† 'Domain error in configuration integration test: ',â•DM
        :Case 22
            result.status â† 'ERROR'
            result.message â† 'File error in configuration integration test: ',â•DM
        :Else
            result.status â† 'ERROR'
            result.message â† 'Unexpected error in configuration integration test: ',â•DM
        :EndTrap
    âˆ‡

    âˆ‡ result â† TestMonitoringIntegration
    â Test monitoring integration with other modules
        result â† CreateTestResult 'Monitoring Integration'
        
        :Trap 11 22
            â Test monitoring with pipeline execution
            test_file â† '/tmp/monitor_integration.dyalog'
            content â† ':Namespace MonitorTest',â•UCS 10,'    Test â† 1',â•UCS 10,':EndNamespace'
            content â•NPUT test_file 1
            
            â Run pipeline with monitoring
            Monitor.Start
            validation_result â† Pipeline.ValidateFiles âŠ‚test_file
            
            â Check if monitoring captured pipeline activity
            metrics â† Monitor.GetMetrics
            
            â Cleanup
            â•NERASE test_file
            
            :If metrics.log_metrics.total_logs > 0
                result.status â† 'PASSED'
                result.message â† 'Monitoring integration captures pipeline activity'
                result.details â† 'Log entries: ',â•metrics.log_metrics.total_logs
            :Else
                result.status â† 'FAILED'
                result.message â† 'Monitoring integration failed to capture activity'
            :EndIf
            
        :Case 11
            result.status â† 'ERROR'
            result.message â† 'Domain error in monitoring integration test: ',â•DM
        :Case 22
            result.status â† 'ERROR'
            result.message â† 'File error in monitoring integration test: ',â•DM
        :Else
            result.status â† 'ERROR'
            result.message â† 'Unexpected error in monitoring integration test: ',â•DM
        :EndTrap
    âˆ‡

    â â•â•â•â•â•â•â•â•â•â•â•â•â•â•â•â•â•â•â•â•â•â•â•â•â•â•â•â•â•â•â•â•â•â•â•â•â•â•â•â•â•â•â•â•â•â•â•â•â•â•â•â•â•â•â•â•â•â•â•â•â•â•â•
    â Performance Tests
    â â•â•â•â•â•â•â•â•â•â•â•â•â•â•â•â•â•â•â•â•â•â•â•â•â•â•â•â•â•â•â•â•â•â•â•â•â•â•â•â•â•â•â•â•â•â•â•â•â•â•â•â•â•â•â•â•â•â•â•â•â•â•â•

    âˆ‡ result â† TestAIDetectionPerformance
    â Test AI detection performance benchmarks
        result â† CreateTestResult 'AI Detection Performance'
        
        :Trap 11 22
            â Run performance benchmark
            perf_result â† Core.QuickBenchmark 500
            
            â Validate performance (should handle >100 ops/sec)
            :If perf_result.operations_per_second â‰¥ 100
                result.status â† 'PASSED'
                result.message â† 'AI detection meets performance requirements'
                result.details â† â•âŒŠperf_result.operations_per_second,' ops/sec'
            :Else
                result.status â† 'FAILED'
                result.message â† 'AI detection performance below threshold'
                result.details â† â•âŒŠperf_result.operations_per_second,' ops/sec (need >100)'
            :EndIf
            
        :Case 11
            result.status â† 'ERROR'
            result.message â† 'Domain error in AI detection performance test: ',â•DM
        :Case 22
            result.status â† 'ERROR'
            result.message â† 'File error in AI detection performance test: ',â•DM
        :Else
            result.status â† 'ERROR'
            result.message â† 'Unexpected error in AI detection performance test: ',â•DM
        :EndTrap
    âˆ‡

    âˆ‡ result â† TestPipelinePerformance
    â Test pipeline execution performance
        result â† CreateTestResult 'Pipeline Performance'
        
        :Trap 11 22
            â Create test files
            test_files â† '/tmp/perf1.dyalog' '/tmp/perf2.dyalog' '/tmp/perf3.dyalog'
            content â† ':Namespace PerfTest',â•UCS 10,'    Test â† 1',â•UCS 10,':EndNamespace'
            content â•NPUTÂ¨test_files
            
            â Time pipeline execution
            start_time â† â•AI[3]
            pipeline_result â† Pipeline.Run test_files
            elapsed_ms â† â•AI[3] - start_time
            
            â Cleanup
            â•NERASEÂ¨test_files
            
            â Validate performance (should complete in <5000ms for 3 files)
            :If elapsed_ms â‰¤ 5000
                result.status â† 'PASSED'
                result.message â† 'Pipeline performance meets requirements'
                result.details â† â•elapsed_ms,'ms for 3 files'
            :Else
                result.status â† 'FAILED'
                result.message â† 'Pipeline performance too slow'
                result.details â† â•elapsed_ms,'ms (need <5000ms)'
            :EndIf
            
        :Case 11
            result.status â† 'ERROR'
            result.message â† 'Domain error in pipeline performance test: ',â•DM
        :Case 22
            result.status â† 'ERROR'
            result.message â† 'File error in pipeline performance test: ',â•DM
        :Else
            result.status â† 'ERROR'
            result.message â† 'Unexpected error in pipeline performance test: ',â•DM
        :EndTrap
    âˆ‡

    âˆ‡ result â† TestMemoryUsage
    â Test system memory usage
        result â† CreateTestResult 'Memory Usage'
        
        :Trap 11 22
            â Get initial workspace size
            initial_ws â† â•SIZE
            
            â Process multiple files
            test_files â† ('/tmp/mem_test',â•âµ,'.dyalog')Â¨â³10
            content â† ':Namespace MemTest',â•UCS 10,'    Data â† â³1000',â•UCS 10,':EndNamespace'
            content â•NPUTÂ¨test_files
            
            â Run pipeline on all files
            pipeline_result â† Pipeline.Run test_files
            
            â Check workspace size
            final_ws â† â•SIZE
            memory_increase â† final_ws - initial_ws
            
            â Cleanup
            â•NERASEÂ¨test_files
            
            â Validate memory usage (increase should be reasonable)
            :If memory_increase â‰¤ 100000  â Less than 100KB increase
                result.status â† 'PASSED'
                result.message â† 'Memory usage within acceptable limits'
                result.details â† 'Memory increase: ',â•memory_increase,' bytes'
            :Else
                result.status â† 'WARNING'
                result.message â† 'Memory usage higher than expected'
                result.details â† 'Memory increase: ',â•memory_increase,' bytes'
            :EndIf
            
        :Case 11
            result.status â† 'ERROR'
            result.message â† 'Domain error in memory usage test: ',â•DM
        :Case 22
            result.status â† 'ERROR'
            result.message â† 'File error in memory usage test: ',â•DM
        :Else
            result.status â† 'ERROR'
            result.message â† 'Unexpected error in memory usage test: ',â•DM
        :EndTrap
    âˆ‡

    âˆ‡ result â† TestScalability
    â Test system scalability with increasing load
        result â† CreateTestResult 'Scalability'
        
        :Trap 11 22
            â Test AI detection with batch processing
            test_texts â† ('Test message ',â•âµ)Â¨â³100
            
            â Time batch processing
            start_time â† â•AI[3]
            batch_results â† Core.ProcessBatch test_texts
            elapsed_ms â† â•AI[3] - start_time
            
            â Calculate throughput
            throughput â† (â‰¢test_texts) Ã· (elapsed_msÃ·1000)âŒˆ0.001
            
            â Validate scalability (should handle >50 texts/sec)
            :If throughput â‰¥ 50
                result.status â† 'PASSED'
                result.message â† 'System scales well with increased load'
                result.details â† â•âŒŠthroughput,' texts/sec'
            :Else
                result.status â† 'FAILED'
                result.message â† 'System scalability below threshold'
                result.details â† â•âŒŠthroughput,' texts/sec (need >50)'
            :EndIf
            
        :Case 11
            result.status â† 'ERROR'
            result.message â† 'Domain error in scalability test: ',â•DM
        :Case 22
            result.status â† 'ERROR'
            result.message â† 'File error in scalability test: ',â•DM
        :Else
            result.status â† 'ERROR'
            result.message â† 'Unexpected error in scalability test: ',â•DM
        :EndTrap
    âˆ‡

    â â•â•â•â•â•â•â•â•â•â•â•â•â•â•â•â•â•â•â•â•â•â•â•â•â•â•â•â•â•â•â•â•â•â•â•â•â•â•â•â•â•â•â•â•â•â•â•â•â•â•â•â•â•â•â•â•â•â•â•â•â•â•â•
    â Test Infrastructure Functions
    â â•â•â•â•â•â•â•â•â•â•â•â•â•â•â•â•â•â•â•â•â•â•â•â•â•â•â•â•â•â•â•â•â•â•â•â•â•â•â•â•â•â•â•â•â•â•â•â•â•â•â•â•â•â•â•â•â•â•â•â•â•â•â•

    âˆ‡ test_result â† CreateTestResult test_name
    â Create standardized test result structure
        test_result â† â•NS ''
        test_result.name â† test_name
        test_result.timestamp â† â•TS
        test_result.status â† 'UNKNOWN'
        test_result.message â† ''
        test_result.details â† ''
    âˆ‡

    âˆ‡ AddTestResult test_result
    â Add test result to tracking and update counters
        TestResults ,â† âŠ‚test_result
        TotalTests +â† 1
        
        :Select test_result.status
        :Case 'PASSED'
            PassedTests +â† 1
            â•â†'  âœ… ',test_result.name,': ',test_result.message
        :Case 'FAILED'
            FailedTests +â† 1
            â•â†'  âŒ ',test_result.name,': ',test_result.message
            :If 0<â‰¢test_result.details
                â•â†'     Details: ',test_result.details
            :EndIf
        :Case 'WARNING'
            â•â†'  âš ï¸ ',test_result.name,': ',test_result.message
            :If 0<â‰¢test_result.details
                â•â†'     Details: ',test_result.details
            :EndIf
        :Case 'ERROR'
            FailedTests +â† 1
            â•â†'  ğŸ”¥ ',test_result.name,': ',test_result.message
        :Else
            FailedTests +â† 1
            â•â†'  â“ ',test_result.name,': Unknown result'
        :EndSelect
    âˆ‡

    âˆ‡ GenerateTestReport elapsed_ms
    â Generate comprehensive test report
        â•â†''
        â•â†'ğŸ“Š APLCICD v2.0 Test Results'
        â•â†'============================'
        â•â†''
        â•â†'Overall Statistics:'
        â•â†'  Total Tests: ',â•TotalTests
        â•â†'  Passed: ',â•PassedTests,' (',â•âŒŠ100Ã—PassedTestsÃ·TotalTestsâŒˆ1,'%)'
        â•â†'  Failed: ',â•FailedTests,' (',â•âŒŠ100Ã—FailedTestsÃ·TotalTestsâŒˆ1,'%)'
        â•â†'  Success Rate: ',â•âŒŠ100Ã—PassedTestsÃ·TotalTestsâŒˆ1,'%'
        â•â†'  Execution Time: ',â•âŒŠelapsed_msÃ·1000,'.',â•3â†‘1000âŠ¥elapsed_ms,' seconds'
        â•â†''
        
        â Categorize results
        passed_tests â† (âŠ‚'PASSED')â‰¡Â¨(âŠ‚'status')âŠƒÂ¨TestResults
        failed_tests â† (âŠ‚'FAILED')â‰¡Â¨(âŠ‚'status')âŠƒÂ¨TestResults
        error_tests â† (âŠ‚'ERROR')â‰¡Â¨(âŠ‚'status')âŠƒÂ¨TestResults
        
        :If 0<+/failed_tests
            â•â†'âŒ Failed Tests:'
            failed_names â† (âŠ‚'name')âŠƒÂ¨failed_tests/TestResults
            â•â†'  ',âªfailed_names
            â•â†''
        :EndIf
        
        :If 0<+/error_tests
            â•â†'ğŸ”¥ Error Tests:'
            error_names â† (âŠ‚'name')âŠƒÂ¨error_tests/TestResults
            â•â†'  ',âªerror_names
            â•â†''
        :EndIf
        
        â Overall assessment
        success_rate â† PassedTestsÃ·TotalTestsâŒˆ1
        :If success_rate â‰¥ 0.95
            â•â†'ğŸ¯ EXCELLENT: System passes 95%+ of tests and is production ready!'
        :ElseIf success_rate â‰¥ 0.85
            â•â†'âœ… GOOD: System passes 85%+ of tests with minor issues to address'
        :ElseIf success_rate â‰¥ 0.70
            â•â†'âš ï¸ ACCEPTABLE: System passes 70%+ of tests but needs improvement'
        :Else
            â•â†'âŒ CRITICAL: System fails too many tests and requires significant work'
        :EndIf
        
        â•â†''
        â•â†'Test coverage: Unit Tests, Integration Tests, Performance Tests'
        â•â†'Framework: APLCICD v2.0 Native Testing Framework'
    âˆ‡

:EndNamespace